{
    "exp_id": 21
},
[{
    "architecture": "fcnn1",
    "data_train": 11,
    "data_test": 10,
    "timestep": 1,
    "stepsize": 1000,
    "base_model": "./models/_fcnn1_20_0.pt",
    "train_losses": [
        [1, 0.3631037473678589],
        [2, 0.4000824987888336],
        [3, 0.4142288267612457],
        [4, 0.3518475294113159],
        [5, 0.22768189013004303],
        [6, 0.30055612325668335],
        [7, 0.31990987062454224],
        [8, 0.4071878492832184],
        [9, 0.20608362555503845],
        [10, 0.49477362632751465]
    ],
    "test_loss/acc": [
        [1, [0.4619878387451172, 92.0]],
        [2, [0.4563717269897461, 92.0]],
        [3, [0.45062828063964844, 92.0]],
        [4, [0.4474163055419922, 92.0]],
        [5, [0.44563880920410154, 92.0]],
        [6, [0.4439740753173828, 92.0]],
        [7, [0.4428098678588867, 92.0]],
        [8, [0.4421432113647461, 92.0]],
        [9, [0.44169857025146486, 92.0]],
        [10, [0.44141563415527346, 92.0]]
    ],
    "training_time": 2.2854015827178955,
    "out_model": "./models/_fcnn1_20_1.pt",
    "MNIST_test_result": {
        "test_loss/acc": [0.3540020812988281, 89.23],
        "test_time": 2.4129397869110107
    }
}, {
    "architecture": "fcnn1",
    "data_train": 12,
    "data_test": 11,
    "timestep": 2,
    "stepsize": 1000,
    "base_model": "./models/_fcnn1_20_1.pt",
    "train_losses": [
        [1, 0.30152469873428345],
        [2, 0.214503213763237],
        [3, 0.27281105518341064],
        [4, 0.19507825374603271],
        [5, 0.27404430508613586],
        [6, 0.31883686780929565],
        [7, 0.23038111627101898],
        [8, 0.30274757742881775],
        [9, 0.19512933492660522],
        [10, 0.28782665729522705]
    ],
    "test_loss/acc": [
        [1, [0.3135943603515625, 91.5]],
        [2, [0.3135251159667969, 91.6]],
        [3, [0.31348428344726564, 91.6]],
        [4, [0.31345932006835936, 91.6]],
        [5, [0.31344137573242187, 91.6]],
        [6, [0.31342938232421874, 91.6]],
        [7, [0.31342181396484375, 91.6]],
        [8, [0.3134165344238281, 91.6]],
        [9, [0.3134131774902344, 91.6]],
        [10, [0.3134107360839844, 91.6]]
    ],
    "training_time": 3.4605038166046143,
    "out_model": "./models/_fcnn1_20_2.pt",
    "MNIST_test_result": {
        "test_loss/acc": [0.35291851196289065, 89.26],
        "test_time": 1.2955899238586426
    }
}, {
    "architecture": "fcnn1",
    "data_train": 13,
    "data_test": 12,
    "timestep": 3,
    "stepsize": 1000,
    "base_model": "./models/_fcnn1_20_2.pt",
    "train_losses": [
        [1, 0.3287143409252167],
        [2, 0.4369659125804901],
        [3, 0.3642444908618927],
        [4, 0.40581214427948],
        [5, 0.38967975974082947],
        [6, 0.20423835515975952],
        [7, 0.25617659091949463],
        [8, 0.38450294733047485],
        [9, 0.299175888299942],
        [10, 0.40384554862976074]
    ],
    "test_loss/acc": [
        [1, [0.3084479675292969, 90.8]],
        [2, [0.3084406433105469, 90.8]],
        [3, [0.30843572998046875, 90.8]],
        [4, [0.30843243408203125, 90.8]],
        [5, [0.308429931640625, 90.8]],
        [6, [0.3084283447265625, 90.8]],
        [7, [0.30842706298828126, 90.8]],
        [8, [0.30842626953125, 90.8]],
        [9, [0.30842572021484377, 90.8]],
        [10, [0.3084253234863281, 90.8]]
    ],
    "training_time": 3.4700539112091064,
    "out_model": "./models/_fcnn1_20_3.pt",
    "MNIST_test_result": {
        "test_loss/acc": [0.35287494812011716, 89.24],
        "test_time": 1.3162040710449219
    }
}, {
    "architecture": "fcnn1",
    "data_train": 14,
    "data_test": 13,
    "timestep": 4,
    "stepsize": 1000,
    "base_model": "./models/_fcnn1_20_3.pt",
    "train_losses": [
        [1, 0.20307818055152893],
        [2, 0.24778208136558533],
        [3, 0.31054210662841797],
        [4, 0.3766549825668335],
        [5, 0.2007404863834381],
        [6, 0.27303940057754517],
        [7, 0.2608012557029724],
        [8, 0.3308136761188507],
        [9, 0.36402004957199097],
        [10, 0.4381762146949768]
    ],
    "test_loss/acc": [
        [1, [0.32470233154296874, 90.8]],
        [2, [0.32470208740234374, 90.8]],
        [3, [0.32470199584960935, 90.8]],
        [4, [0.3247019653320313, 90.8]],
        [5, [0.324701904296875, 90.8]],
        [6, [0.3247018737792969, 90.8]],
        [7, [0.3247018737792969, 90.8]],
        [8, [0.32470184326171875, 90.8]],
        [9, [0.3247018737792969, 90.8]],
        [10, [0.32470193481445314, 90.8]]
    ],
    "training_time": 3.465625286102295,
    "out_model": "./models/_fcnn1_20_4.pt",
    "MNIST_test_result": {
        "test_loss/acc": [0.3528742919921875, 89.24],
        "test_time": 1.3138558864593506
    }
}, {
    "architecture": "fcnn1",
    "data_train": 15,
    "data_test": 14,
    "timestep": 5,
    "stepsize": 1000,
    "base_model": "./models/_fcnn1_20_4.pt",
    "train_losses": [
        [1, 0.35570263862609863],
        [2, 0.42215344309806824],
        [3, 0.42513468861579895],
        [4, 0.35170942544937134],
        [5, 0.3754208981990814],
        [6, 0.27130189538002014],
        [7, 0.18042245507240295],
        [8, 0.4505534768104553],
        [9, 0.36553147435188293],
        [10, 0.5815856456756592]
    ],
    "test_loss/acc": [
        [1, [0.3539369812011719, 89.2]],
        [2, [0.35393701171875, 89.2]],
        [3, [0.35393701171875, 89.2]],
        [4, [0.3539370422363281, 89.2]],
        [5, [0.35393701171875, 89.2]],
        [6, [0.3539370422363281, 89.2]],
        [7, [0.35393707275390623, 89.2]],
        [8, [0.35393701171875, 89.2]],
        [9, [0.35393695068359377, 89.2]],
        [10, [0.3539370422363281, 89.2]]
    ],
    "training_time": 3.4589595794677734,
    "out_model": "./models/_fcnn1_20_5.pt",
    "MNIST_test_result": {
        "test_loss/acc": [0.3528742950439453, 89.24],
        "test_time": 1.3003051280975342
    }
}, {
    "architecture": "fcnn1",
    "data_train": 16,
    "data_test": 15,
    "timestep": 6,
    "stepsize": 1000,
    "base_model": "./models/_fcnn1_20_5.pt",
    "train_losses": [
        [1, 0.16256968677043915],
        [2, 0.4133211374282837],
        [3, 0.26217833161354065],
        [4, 0.3717092275619507],
        [5, 0.2453935742378235],
        [6, 0.2740554213523865],
        [7, 0.22229348123073578],
        [8, 0.39694342017173767],
        [9, 0.28301090002059937],
        [10, 0.37811118364334106]
    ],
    "test_loss/acc": [
        [1, [0.3463907165527344, 90.0]],
        [2, [0.34639068603515627, 90.0]],
        [3, [0.3463907165527344, 90.0]],
        [4, [0.34639068603515627, 90.0]],
        [5, [0.346390625, 90.0]],
        [6, [0.34639065551757814, 90.0]],
        [7, [0.34639068603515627, 90.0]],
        [8, [0.34639065551757814, 90.0]],
        [9, [0.34639068603515627, 90.0]],
        [10, [0.34639065551757814, 90.0]]
    ],
    "training_time": 3.4595048427581787,
    "out_model": "./models/_fcnn1_20_6.pt",
    "MNIST_test_result": {
        "test_loss/acc": [0.3528742950439453, 89.24],
        "test_time": 1.2964115142822266
    }
}, {
    "architecture": "fcnn1",
    "data_train": 17,
    "data_test": 16,
    "timestep": 7,
    "stepsize": 1000,
    "base_model": "./models/_fcnn1_20_6.pt",
    "train_losses": [
        [1, 0.23801778256893158],
        [2, 0.35624533891677856],
        [3, 0.2779146432876587],
        [4, 0.2808953523635864],
        [5, 0.4813796281814575],
        [6, 0.489050954580307],
        [7, 0.2924196124076843],
        [8, 0.45418962836265564],
        [9, 0.27738118171691895],
        [10, 0.3388747572898865]
    ],
    "test_loss/acc": [
        [1, [0.3131976928710937, 90.5]],
        [2, [0.3131976013183594, 90.5]],
        [3, [0.3131976318359375, 90.5]],
        [4, [0.3131976928710937, 90.5]],
        [5, [0.31319766235351565, 90.5]],
        [6, [0.31319766235351565, 90.5]],
        [7, [0.31319766235351565, 90.5]],
        [8, [0.3131976318359375, 90.5]],
        [9, [0.3131976318359375, 90.5]],
        [10, [0.3131976318359375, 90.5]]
    ],
    "training_time": 3.4669246673583984,
    "out_model": "./models/_fcnn1_20_7.pt",
    "MNIST_test_result": {
        "test_loss/acc": [0.3528742950439453, 89.24],
        "test_time": 1.2982819080352783
    }
}, {
    "architecture": "fcnn1",
    "data_train": 18,
    "data_test": 17,
    "timestep": 8,
    "stepsize": 1000,
    "base_model": "./models/_fcnn1_20_7.pt",
    "train_losses": [
        [1, 0.4272475838661194],
        [2, 0.37535789608955383],
        [3, 0.3320036232471466],
        [4, 0.436815083026886],
        [5, 0.7559309601783752],
        [6, 0.3496460020542145],
        [7, 0.6159249544143677],
        [8, 0.4498231112957001],
        [9, 0.623436689376831],
        [10, 0.39716166257858276]
    ],
    "test_loss/acc": [
        [1, [0.3891499633789062, 88.9]],
        [2, [0.3891499633789062, 88.9]],
        [3, [0.3891500244140625, 88.9]],
        [4, [0.38914993286132815, 88.9]],
        [5, [0.3891498718261719, 88.9]],
        [6, [0.38914993286132815, 88.9]],
        [7, [0.38914990234375, 88.9]],
        [8, [0.3891499633789062, 88.9]],
        [9, [0.3891499633789062, 88.9]],
        [10, [0.38914993286132815, 88.9]]
    ],
    "training_time": 3.467107057571411,
    "out_model": "./models/_fcnn1_20_8.pt",
    "MNIST_test_result": {
        "test_loss/acc": [0.3528742950439453, 89.24],
        "test_time": 1.2800846099853516
    }
}, {
    "architecture": "fcnn1",
    "data_train": 19,
    "data_test": 18,
    "timestep": 9,
    "stepsize": 1000,
    "base_model": "./models/_fcnn1_20_8.pt",
    "train_losses": [
        [1, 0.5649397969245911],
        [2, 0.39609888195991516],
        [3, 0.17752982676029205],
        [4, 0.4527522623538971],
        [5, 0.39330732822418213],
        [6, 0.6391335725784302],
        [7, 0.361189067363739],
        [8, 0.39353322982788086],
        [9, 0.49637511372566223],
        [10, 0.3082773685455322]
    ],
    "test_loss/acc": [
        [1, [0.4445135498046875, 87.7]],
        [2, [0.44451348876953123, 87.7]],
        [3, [0.44451351928710936, 87.7]],
        [4, [0.44451348876953123, 87.7]],
        [5, [0.4445134582519531, 87.7]],
        [6, [0.44451348876953123, 87.7]],
        [7, [0.44451351928710936, 87.7]],
        [8, [0.4445134582519531, 87.7]],
        [9, [0.44451351928710936, 87.7]],
        [10, [0.44451351928710936, 87.7]]
    ],
    "training_time": 3.4465553760528564,
    "out_model": "./models/_fcnn1_20_9.pt",
    "MNIST_test_result": {
        "test_loss/acc": [0.3528742950439453, 89.24],
        "test_time": 1.276550054550171
    }
}, {
    "architecture": "fcnn1",
    "data_train": 20,
    "data_test": 19,
    "timestep": 10,
    "stepsize": 1000,
    "base_model": "./models/_fcnn1_20_9.pt",
    "train_losses": [
        [1, 0.29325437545776367],
        [2, 0.24776597321033478],
        [3, 0.2563452422618866],
        [4, 0.2081141620874405],
        [5, 0.25144168734550476],
        [6, 0.3391110301017761],
        [7, 0.21754084527492523],
        [8, 0.32198604941368103],
        [9, 0.5453740358352661],
        [10, 0.3248724937438965]
    ],
    "test_loss/acc": [
        [1, [0.3675120849609375, 89.7]],
        [2, [0.3675121459960938, 89.7]],
        [3, [0.3675121459960938, 89.7]],
        [4, [0.36751217651367185, 89.7]],
        [5, [0.36751211547851564, 89.7]],
        [6, [0.3675120544433594, 89.7]],
        [7, [0.36751211547851564, 89.7]],
        [8, [0.3675121459960938, 89.7]],
        [9, [0.36751211547851564, 89.7]],
        [10, [0.3675120849609375, 89.7]]
    ],
    "training_time": 3.47065806388855,
    "out_model": "./models/_fcnn1_20_10.pt",
    "MNIST_test_result": {
        "test_loss/acc": [0.3528742950439453, 89.24],
        "test_time": 1.2789881229400635
    }
}, {
    "architecture": "fcnn1",
    "data_train": 21,
    "data_test": 20,
    "timestep": 11,
    "stepsize": 1000,
    "base_model": "./models/_fcnn1_20_10.pt",
    "train_losses": [
        [1, 0.23154371976852417],
        [2, 0.3320712447166443],
        [3, 0.4041362404823303],
        [4, 0.5411682724952698],
        [5, 0.40648525953292847],
        [6, 0.38168391585350037],
        [7, 0.45824772119522095],
        [8, 0.33005258440971375],
        [9, 0.6195581555366516],
        [10, 0.3942195177078247]
    ],
    "test_loss/acc": [
        [1, [0.30239230346679685, 90.6]],
        [2, [0.3023923645019531, 90.6]],
        [3, [0.30239230346679685, 90.6]],
        [4, [0.302392333984375, 90.6]],
        [5, [0.302392333984375, 90.6]],
        [6, [0.3023922729492188, 90.6]],
        [7, [0.302392333984375, 90.6]],
        [8, [0.30239230346679685, 90.6]],
        [9, [0.302392333984375, 90.6]],
        [10, [0.302392333984375, 90.6]]
    ],
    "training_time": 3.477865219116211,
    "out_model": "./models/_fcnn1_20_11.pt",
    "MNIST_test_result": {
        "test_loss/acc": [0.3528742950439453, 89.24],
        "test_time": 1.2704195976257324
    }
}, {
    "architecture": "fcnn1",
    "data_train": 22,
    "data_test": 21,
    "timestep": 12,
    "stepsize": 1000,
    "base_model": "./models/_fcnn1_20_11.pt",
    "train_losses": [
        [1, 0.2786158323287964],
        [2, 0.5149109959602356],
        [3, 0.2819684147834778],
        [4, 0.46975961327552795],
        [5, 0.4737561047077179],
        [6, 0.23091711103916168],
        [7, 0.5830404758453369],
        [8, 0.3570576608181],
        [9, 0.6239265203475952],
        [10, 0.6974795460700989]
    ],
    "test_loss/acc": [
        [1, [0.39872540283203123, 88.2]],
        [2, [0.39872540283203123, 88.2]],
        [3, [0.39872543334960936, 88.2]],
        [4, [0.398725341796875, 88.2]],
        [5, [0.39872537231445315, 88.2]],
        [6, [0.39872540283203123, 88.2]],
        [7, [0.39872540283203123, 88.2]],
        [8, [0.39872537231445315, 88.2]],
        [9, [0.39872537231445315, 88.2]],
        [10, [0.398725341796875, 88.2]]
    ],
    "training_time": 3.466198205947876,
    "out_model": "./models/_fcnn1_20_12.pt",
    "MNIST_test_result": {
        "test_loss/acc": [0.3528742950439453, 89.24],
        "test_time": 1.3138535022735596
    }
}, {
    "architecture": "fcnn1",
    "data_train": 23,
    "data_test": 22,
    "timestep": 13,
    "stepsize": 1000,
    "base_model": "./models/_fcnn1_20_12.pt",
    "train_losses": [
        [1, 0.26996055245399475],
        [2, 0.2919565737247467],
        [3, 0.3539464473724365],
        [4, 0.45915740728378296],
        [5, 0.33827733993530273],
        [6, 0.42854225635528564],
        [7, 0.2188432514667511],
        [8, 0.22355018556118011],
        [9, 0.285427987575531],
        [10, 0.28503692150115967]
    ],
    "test_loss/acc": [
        [1, [0.43117962646484376, 87.5]],
        [2, [0.4311795654296875, 87.5]],
        [3, [0.4311795959472656, 87.5]],
        [4, [0.43117962646484376, 87.5]],
        [5, [0.4311795959472656, 87.5]],
        [6, [0.4311796569824219, 87.5]],
        [7, [0.4311795959472656, 87.5]],
        [8, [0.43117962646484376, 87.5]],
        [9, [0.43117953491210936, 87.5]],
        [10, [0.43117962646484376, 87.5]]
    ],
    "training_time": 3.490736246109009,
    "out_model": "./models/_fcnn1_20_13.pt",
    "MNIST_test_result": {
        "test_loss/acc": [0.3528742950439453, 89.24],
        "test_time": 1.3176562786102295
    }
}, {
    "architecture": "fcnn1",
    "data_train": 24,
    "data_test": 23,
    "timestep": 14,
    "stepsize": 1000,
    "base_model": "./models/_fcnn1_20_13.pt",
    "train_losses": [
        [1, 0.6108298301696777],
        [2, 0.47063735127449036],
        [3, 0.43065258860588074],
        [4, 0.45598387718200684],
        [5, 0.4155760705471039],
        [6, 0.44728735089302063],
        [7, 0.3975789546966553],
        [8, 0.383470743894577],
        [9, 0.47812190651893616],
        [10, 0.4672898054122925]
    ],
    "test_loss/acc": [
        [1, [0.40361956787109377, 87.4]],
        [2, [0.4036195983886719, 87.4]],
        [3, [0.4036195983886719, 87.4]],
        [4, [0.4036195983886719, 87.4]],
        [5, [0.4036195983886719, 87.4]],
        [6, [0.4036196594238281, 87.4]],
        [7, [0.4036196594238281, 87.4]],
        [8, [0.40361956787109377, 87.4]],
        [9, [0.4036196594238281, 87.4]],
        [10, [0.4036195983886719, 87.4]]
    ],
    "training_time": 3.469728946685791,
    "out_model": "./models/_fcnn1_20_14.pt",
    "MNIST_test_result": {
        "test_loss/acc": [0.3528742950439453, 89.24],
        "test_time": 1.3098819255828857
    }
}, {
    "architecture": "fcnn1",
    "data_train": 25,
    "data_test": 24,
    "timestep": 15,
    "stepsize": 1000,
    "base_model": "./models/_fcnn1_20_14.pt",
    "train_losses": [
        [1, 0.34653332829475403],
        [2, 0.38566622138023376],
        [3, 0.36533322930336],
        [4, 0.3536149859428406],
        [5, 0.3638496696949005],
        [6, 0.3053794801235199],
        [7, 0.2451419234275818],
        [8, 0.3932427763938904],
        [9, 0.324030339717865],
        [10, 0.3367741107940674]
    ],
    "test_loss/acc": [
        [1, [0.4826674499511719, 84.9]],
        [2, [0.4826674499511719, 84.9]],
        [3, [0.48266741943359376, 84.9]],
        [4, [0.48266741943359376, 84.9]],
        [5, [0.4826674499511719, 84.9]],
        [6, [0.4826674499511719, 84.9]],
        [7, [0.4826674499511719, 84.9]],
        [8, [0.48266741943359376, 84.9]],
        [9, [0.48266741943359376, 84.9]],
        [10, [0.48266751098632815, 84.9]]
    ],
    "training_time": 3.449805736541748,
    "out_model": "./models/_fcnn1_20_15.pt",
    "MNIST_test_result": {
        "test_loss/acc": [0.3528742950439453, 89.24],
        "test_time": 1.327913522720337
    }
}, {
    "architecture": "fcnn1",
    "data_train": 26,
    "data_test": 25,
    "timestep": 16,
    "stepsize": 1000,
    "base_model": "./models/_fcnn1_20_15.pt",
    "train_losses": [
        [1, 0.40013518929481506],
        [2, 0.3939128816127777],
        [3, 0.45611295104026794],
        [4, 0.545366108417511],
        [5, 0.26329725980758667],
        [6, 0.1725781112909317],
        [7, 0.2018919289112091],
        [8, 0.31134122610092163],
        [9, 0.25770214200019836],
        [10, 0.49886664748191833]
    ],
    "test_loss/acc": [
        [1, [0.3891355285644531, 87.7]],
        [2, [0.389135498046875, 87.7]],
        [3, [0.38913543701171877, 87.7]],
        [4, [0.3891354675292969, 87.7]],
        [5, [0.3891355285644531, 87.7]],
        [6, [0.38913555908203123, 87.7]],
        [7, [0.3891355285644531, 87.7]],
        [8, [0.38913555908203123, 87.7]],
        [9, [0.3891355285644531, 87.7]],
        [10, [0.3891355285644531, 87.7]]
    ],
    "training_time": 3.465423583984375,
    "out_model": "./models/_fcnn1_20_16.pt",
    "MNIST_test_result": {
        "test_loss/acc": [0.3528742950439453, 89.24],
        "test_time": 1.2820460796356201
    }
}, {
    "architecture": "fcnn1",
    "data_train": 27,
    "data_test": 26,
    "timestep": 17,
    "stepsize": 1000,
    "base_model": "./models/_fcnn1_20_16.pt",
    "train_losses": [
        [1, 0.36834195256233215],
        [2, 0.6299905180931091],
        [3, 0.34701716899871826],
        [4, 0.3934667408466339],
        [5, 0.45982784032821655],
        [6, 0.45940399169921875],
        [7, 0.3603802025318146],
        [8, 0.285051167011261],
        [9, 0.36172550916671753],
        [10, 0.3832637369632721]
    ],
    "test_loss/acc": [
        [1, [0.359362060546875, 88.3]],
        [2, [0.3593620300292969, 88.3]],
        [3, [0.359362060546875, 88.3]],
        [4, [0.3593620300292969, 88.3]],
        [5, [0.359362060546875, 88.3]],
        [6, [0.359362060546875, 88.3]],
        [7, [0.3593620300292969, 88.3]],
        [8, [0.3593620300292969, 88.3]],
        [9, [0.3593620910644531, 88.3]],
        [10, [0.3593620300292969, 88.3]]
    ],
    "training_time": 3.4743564128875732,
    "out_model": "./models/_fcnn1_20_17.pt",
    "MNIST_test_result": {
        "test_loss/acc": [0.3528742950439453, 89.24],
        "test_time": 1.2726240158081055
    }
}, {
    "architecture": "fcnn1",
    "data_train": 28,
    "data_test": 27,
    "timestep": 18,
    "stepsize": 1000,
    "base_model": "./models/_fcnn1_20_17.pt",
    "train_losses": [
        [1, 0.36616092920303345],
        [2, 0.4436832666397095],
        [3, 0.18145392835140228],
        [4, 0.23118412494659424],
        [5, 0.4005575478076935],
        [6, 0.27156680822372437],
        [7, 0.3082089424133301],
        [8, 0.23429973423480988],
        [9, 0.26944953203201294],
        [10, 0.2298782616853714]
    ],
    "test_loss/acc": [
        [1, [0.4106542053222656, 86.6]],
        [2, [0.41065423583984373, 86.6]],
        [3, [0.41065423583984373, 86.6]],
        [4, [0.4106542053222656, 86.6]],
        [5, [0.41065426635742186, 86.6]],
        [6, [0.41065426635742186, 86.6]],
        [7, [0.410654296875, 86.6]],
        [8, [0.41065423583984373, 86.6]],
        [9, [0.41065423583984373, 86.6]],
        [10, [0.41065423583984373, 86.6]]
    ],
    "training_time": 3.4886183738708496,
    "out_model": "./models/_fcnn1_20_18.pt",
    "MNIST_test_result": {
        "test_loss/acc": [0.3528742950439453, 89.24],
        "test_time": 1.2792983055114746
    }
}, {
    "architecture": "fcnn1",
    "data_train": 29,
    "data_test": 28,
    "timestep": 19,
    "stepsize": 1000,
    "base_model": "./models/_fcnn1_20_18.pt",
    "train_losses": [
        [1, 0.2157982587814331],
        [2, 0.3716047406196594],
        [3, 0.2901967167854309],
        [4, 0.341166615486145],
        [5, 0.384403258562088],
        [6, 0.4640583395957947],
        [7, 0.324770987033844],
        [8, 0.5581893920898438],
        [9, 0.5807363390922546],
        [10, 0.4339531660079956]
    ],
    "test_loss/acc": [
        [1, [0.31222445678710936, 90.2]],
        [2, [0.3122244873046875, 90.2]],
        [3, [0.31222445678710936, 90.2]],
        [4, [0.3122244873046875, 90.2]],
        [5, [0.3122244873046875, 90.2]],
        [6, [0.31222445678710936, 90.2]],
        [7, [0.31222445678710936, 90.2]],
        [8, [0.31222445678710936, 90.2]],
        [9, [0.31222445678710936, 90.2]],
        [10, [0.3122243957519531, 90.2]]
    ],
    "training_time": 3.4588425159454346,
    "out_model": "./models/_fcnn1_20_19.pt",
    "MNIST_test_result": {
        "test_loss/acc": [0.3528742950439453, 89.24],
        "test_time": 1.2816908359527588
    }
}, {
    "architecture": "fcnn1",
    "data_train": 30,
    "data_test": 29,
    "timestep": 20,
    "stepsize": 1000,
    "base_model": "./models/_fcnn1_20_19.pt",
    "train_losses": [
        [1, 0.5659634470939636],
        [2, 0.3561672270298004],
        [3, 0.3466723561286926],
        [4, 0.4552742838859558],
        [5, 0.2265625298023224],
        [6, 0.6155179142951965],
        [7, 0.24316275119781494],
        [8, 0.41082698106765747],
        [9, 0.7739858627319336],
        [10, 0.5336511135101318]
    ],
    "test_loss/acc": [
        [1, [0.3535672607421875, 89.2]],
        [2, [0.3535672607421875, 89.2]],
        [3, [0.3535672912597656, 89.2]],
        [4, [0.3535672912597656, 89.2]],
        [5, [0.3535672302246094, 89.2]],
        [6, [0.3535672302246094, 89.2]],
        [7, [0.3535672912597656, 89.2]],
        [8, [0.3535672607421875, 89.2]],
        [9, [0.3535672607421875, 89.2]],
        [10, [0.35356732177734373, 89.2]]
    ],
    "training_time": 3.476128339767456,
    "out_model": "./models/_fcnn1_20_20.pt",
    "MNIST_test_result": {
        "test_loss/acc": [0.3528742950439453, 89.24],
        "test_time": 1.314965009689331
    }
}, {
    "architecture": "fcnn1",
    "data_train": 31,
    "data_test": 30,
    "timestep": 21,
    "stepsize": 1000,
    "base_model": "./models/_fcnn1_20_20.pt",
    "train_losses": [
        [1, 0.17592543363571167],
        [2, 0.24049004912376404],
        [3, 0.24432210624217987],
        [4, 0.3418331742286682],
        [5, 0.345979779958725],
        [6, 0.31254029273986816],
        [7, 0.267975389957428],
        [8, 0.3990776836872101],
        [9, 0.3281724154949188],
        [10, 0.18864962458610535]
    ],
    "test_loss/acc": [
        [1, [0.4286239318847656, 88.1]],
        [2, [0.42862396240234374, 88.1]],
        [3, [0.42862396240234374, 88.1]],
        [4, [0.4286239318847656, 88.1]],
        [5, [0.4286239318847656, 88.1]],
        [6, [0.4286239013671875, 88.1]],
        [7, [0.4286239013671875, 88.1]],
        [8, [0.42862396240234374, 88.1]],
        [9, [0.42862399291992187, 88.1]],
        [10, [0.4286239013671875, 88.1]]
    ],
    "training_time": 3.4598639011383057,
    "out_model": "./models/_fcnn1_20_21.pt",
    "MNIST_test_result": {
        "test_loss/acc": [0.3528742950439453, 89.24],
        "test_time": 1.3194127082824707
    }
}, {
    "architecture": "fcnn1",
    "data_train": 32,
    "data_test": 31,
    "timestep": 22,
    "stepsize": 1000,
    "base_model": "./models/_fcnn1_20_21.pt",
    "train_losses": [
        [1, 0.33028483390808105],
        [2, 0.4594719707965851],
        [3, 0.18738853931427002],
        [4, 0.24984435737133026],
        [5, 0.7084802389144897],
        [6, 0.3744240999221802],
        [7, 0.5901451110839844],
        [8, 0.3564964532852173],
        [9, 0.4115804135799408],
        [10, 0.3847469687461853]
    ],
    "test_loss/acc": [
        [1, [0.309598388671875, 90.8]],
        [2, [0.30959841918945313, 90.8]],
        [3, [0.309598388671875, 90.8]],
        [4, [0.30959835815429687, 90.8]],
        [5, [0.309598388671875, 90.8]],
        [6, [0.30959835815429687, 90.8]],
        [7, [0.309598388671875, 90.8]],
        [8, [0.309598388671875, 90.8]],
        [9, [0.30959832763671874, 90.8]],
        [10, [0.30959841918945313, 90.8]]
    ],
    "training_time": 3.4892075061798096,
    "out_model": "./models/_fcnn1_20_22.pt",
    "MNIST_test_result": {
        "test_loss/acc": [0.3528742950439453, 89.24],
        "test_time": 1.2969756126403809
    }
}, {
    "architecture": "fcnn1",
    "data_train": 33,
    "data_test": 32,
    "timestep": 23,
    "stepsize": 1000,
    "base_model": "./models/_fcnn1_20_22.pt",
    "train_losses": [
        [1, 0.24518996477127075],
        [2, 0.4193633496761322],
        [3, 0.3593214154243469],
        [4, 0.3387205898761749],
        [5, 0.24319103360176086],
        [6, 0.311348021030426],
        [7, 0.2992676794528961],
        [8, 0.4137089252471924],
        [9, 0.25647005438804626],
        [10, 0.29108113050460815]
    ],
    "test_loss/acc": [
        [1, [0.40290179443359375, 87.1]],
        [2, [0.4029017639160156, 87.1]],
        [3, [0.4029017639160156, 87.1]],
        [4, [0.4029018249511719, 87.1]],
        [5, [0.4029018249511719, 87.1]],
        [6, [0.40290179443359375, 87.1]],
        [7, [0.40290179443359375, 87.1]],
        [8, [0.40290185546875, 87.1]],
        [9, [0.40290179443359375, 87.1]],
        [10, [0.4029018249511719, 87.1]]
    ],
    "training_time": 3.4782731533050537,
    "out_model": "./models/_fcnn1_20_23.pt",
    "MNIST_test_result": {
        "test_loss/acc": [0.3528742950439453, 89.24],
        "test_time": 1.3121798038482666
    }
}, {
    "architecture": "fcnn1",
    "data_train": 34,
    "data_test": 33,
    "timestep": 24,
    "stepsize": 1000,
    "base_model": "./models/_fcnn1_20_23.pt",
    "train_losses": [
        [1, 0.3420243561267853],
        [2, 0.3634341061115265],
        [3, 0.3146042823791504],
        [4, 0.2937547564506531],
        [5, 0.391050785779953],
        [6, 0.22353707253932953],
        [7, 0.5381834506988525],
        [8, 0.16518808901309967],
        [9, 0.39200451970100403],
        [10, 0.25980597734451294]
    ],
    "test_loss/acc": [
        [1, [0.36748513793945314, 88.8]],
        [2, [0.3674851684570313, 88.8]],
        [3, [0.3674850769042969, 88.8]],
        [4, [0.36748504638671875, 88.8]],
        [5, [0.36748513793945314, 88.8]],
        [6, [0.367485107421875, 88.8]],
        [7, [0.36748513793945314, 88.8]],
        [8, [0.36748513793945314, 88.8]],
        [9, [0.367485107421875, 88.8]],
        [10, [0.3674850769042969, 88.8]]
    ],
    "training_time": 3.45957612991333,
    "out_model": "./models/_fcnn1_20_24.pt",
    "MNIST_test_result": {
        "test_loss/acc": [0.3528742950439453, 89.24],
        "test_time": 1.3107452392578125
    }
}, {
    "architecture": "fcnn1",
    "data_train": 35,
    "data_test": 34,
    "timestep": 25,
    "stepsize": 1000,
    "base_model": "./models/_fcnn1_20_24.pt",
    "train_losses": [
        [1, 0.32125839591026306],
        [2, 0.31700441241264343],
        [3, 0.35015565156936646],
        [4, 0.1865779012441635],
        [5, 0.28971919417381287],
        [6, 0.13969184458255768],
        [7, 0.3866354823112488],
        [8, 0.34463056921958923],
        [9, 0.44831106066703796],
        [10, 0.4051884412765503]
    ],
    "test_loss/acc": [
        [1, [0.4040781860351563, 88.5]],
        [2, [0.404078125, 88.5]],
        [3, [0.4040780944824219, 88.5]],
        [4, [0.404078125, 88.5]],
        [5, [0.404078125, 88.5]],
        [6, [0.404078125, 88.5]],
        [7, [0.40407815551757814, 88.5]],
        [8, [0.4040780944824219, 88.5]],
        [9, [0.404078125, 88.5]],
        [10, [0.404078125, 88.5]]
    ],
    "training_time": 3.472904682159424,
    "out_model": "./models/_fcnn1_20_25.pt",
    "MNIST_test_result": {
        "test_loss/acc": [0.3528742950439453, 89.24],
        "test_time": 1.318356990814209
    }
}, {
    "architecture": "fcnn1",
    "data_train": 36,
    "data_test": 35,
    "timestep": 26,
    "stepsize": 1000,
    "base_model": "./models/_fcnn1_20_25.pt",
    "train_losses": [
        [1, 0.48364925384521484],
        [2, 0.3599292039871216],
        [3, 0.3102801442146301],
        [4, 0.28851139545440674],
        [5, 0.45027685165405273],
        [6, 0.2360621988773346],
        [7, 0.5009105205535889],
        [8, 0.37047842144966125],
        [9, 0.3752267360687256],
        [10, 0.3485996723175049]
    ],
    "test_loss/acc": [
        [1, [0.32038369750976564, 90.8]],
        [2, [0.3203837280273438, 90.8]],
        [3, [0.3203837890625, 90.8]],
        [4, [0.3203837890625, 90.8]],
        [5, [0.3203837280273438, 90.8]],
        [6, [0.3203837280273438, 90.8]],
        [7, [0.3203837280273438, 90.8]],
        [8, [0.3203837280273438, 90.8]],
        [9, [0.3203836669921875, 90.8]],
        [10, [0.3203837280273438, 90.8]]
    ],
    "training_time": 3.4711122512817383,
    "out_model": "./models/_fcnn1_20_26.pt",
    "MNIST_test_result": {
        "test_loss/acc": [0.3528742950439453, 89.24],
        "test_time": 1.3159902095794678
    }
}, {
    "architecture": "fcnn1",
    "data_train": 37,
    "data_test": 36,
    "timestep": 27,
    "stepsize": 1000,
    "base_model": "./models/_fcnn1_20_26.pt",
    "train_losses": [
        [1, 0.3386571407318115],
        [2, 0.31817054748535156],
        [3, 0.5084741115570068],
        [4, 0.32061767578125],
        [5, 0.5487766265869141],
        [6, 0.4545101523399353],
        [7, 0.2755834460258484],
        [8, 0.4432191550731659],
        [9, 0.4124617576599121],
        [10, 0.39202427864074707]
    ],
    "test_loss/acc": [
        [1, [0.3987319641113281, 89.1]],
        [2, [0.3987320556640625, 89.1]],
        [3, [0.39873202514648437, 89.1]],
        [4, [0.3987320556640625, 89.1]],
        [5, [0.3987319641113281, 89.1]],
        [6, [0.39873199462890624, 89.1]],
        [7, [0.39873202514648437, 89.1]],
        [8, [0.39873199462890624, 89.1]],
        [9, [0.39873202514648437, 89.1]],
        [10, [0.39873199462890624, 89.1]]
    ],
    "training_time": 3.4779269695281982,
    "out_model": "./models/_fcnn1_20_27.pt",
    "MNIST_test_result": {
        "test_loss/acc": [0.3528742950439453, 89.24],
        "test_time": 1.3157923221588135
    }
}, {
    "architecture": "fcnn1",
    "data_train": 38,
    "data_test": 37,
    "timestep": 28,
    "stepsize": 1000,
    "base_model": "./models/_fcnn1_20_27.pt",
    "train_losses": [
        [1, 0.2729983329772949],
        [2, 0.46721863746643066],
        [3, 0.25733983516693115],
        [4, 0.6434713006019592],
        [5, 0.36217790842056274],
        [6, 0.375842809677124],
        [7, 0.282559335231781],
        [8, 0.41766050457954407],
        [9, 0.19869530200958252],
        [10, 0.26117485761642456]
    ],
    "test_loss/acc": [
        [1, [0.37624859619140627, 87.7]],
        [2, [0.37624856567382814, 87.7]],
        [3, [0.37624853515625, 87.7]],
        [4, [0.37624856567382814, 87.7]],
        [5, [0.37624856567382814, 87.7]],
        [6, [0.37624859619140627, 87.7]],
        [7, [0.37624853515625, 87.7]],
        [8, [0.3762485046386719, 87.7]],
        [9, [0.37624853515625, 87.7]],
        [10, [0.3762485046386719, 87.7]]
    ],
    "training_time": 3.466616630554199,
    "out_model": "./models/_fcnn1_20_28.pt",
    "MNIST_test_result": {
        "test_loss/acc": [0.3528742950439453, 89.24],
        "test_time": 1.2941324710845947
    }
}, {
    "architecture": "fcnn1",
    "data_train": 39,
    "data_test": 38,
    "timestep": 29,
    "stepsize": 1000,
    "base_model": "./models/_fcnn1_20_28.pt",
    "train_losses": [
        [1, 0.4417743384838104],
        [2, 0.42011022567749023],
        [3, 0.6029236316680908],
        [4, 0.5373018980026245],
        [5, 0.5594049692153931],
        [6, 0.3095002770423889],
        [7, 0.37632593512535095],
        [8, 0.379982054233551],
        [9, 0.3586934208869934],
        [10, 0.6420148611068726]
    ],
    "test_loss/acc": [
        [1, [0.34637631225585935, 90.1]],
        [2, [0.3463762817382813, 90.1]],
        [3, [0.3463762817382813, 90.1]],
        [4, [0.3463762817382813, 90.1]],
        [5, [0.34637625122070315, 90.1]],
        [6, [0.3463762817382813, 90.1]],
        [7, [0.3463762817382813, 90.1]],
        [8, [0.34637631225585935, 90.1]],
        [9, [0.34637625122070315, 90.1]],
        [10, [0.34637631225585935, 90.1]]
    ],
    "training_time": 3.4699289798736572,
    "out_model": "./models/_fcnn1_20_29.pt",
    "MNIST_test_result": {
        "test_loss/acc": [0.3528742950439453, 89.24],
        "test_time": 1.3129901885986328
    }
}, {
    "architecture": "fcnn1",
    "data_train": 40,
    "data_test": 39,
    "timestep": 30,
    "stepsize": 1000,
    "base_model": "./models/_fcnn1_20_29.pt",
    "train_losses": [
        [1, 0.3701418340206146],
        [2, 0.4582776427268982],
        [3, 0.5043036937713623],
        [4, 0.3313838839530945],
        [5, 0.49182891845703125],
        [6, 0.20493829250335693],
        [7, 0.39251965284347534],
        [8, 0.3573221266269684],
        [9, 0.38385462760925293],
        [10, 0.5348023176193237]
    ],
    "test_loss/acc": [
        [1, [0.4287982788085937, 86.9]],
        [2, [0.4287982177734375, 86.9]],
        [3, [0.42879824829101565, 86.9]],
        [4, [0.42879824829101565, 86.9]],
        [5, [0.42879830932617186, 86.9]],
        [6, [0.4287982788085937, 86.9]],
        [7, [0.42879833984375, 86.9]],
        [8, [0.42879833984375, 86.9]],
        [9, [0.42879830932617186, 86.9]],
        [10, [0.4287982788085937, 86.9]]
    ],
    "training_time": 3.4689760208129883,
    "out_model": "./models/_fcnn1_20_30.pt",
    "MNIST_test_result": {
        "test_loss/acc": [0.3528742950439453, 89.24],
        "test_time": 1.314389705657959
    }
}, {
    "architecture": "fcnn1",
    "data_train": 41,
    "data_test": 40,
    "timestep": 31,
    "stepsize": 1000,
    "base_model": "./models/_fcnn1_20_30.pt",
    "train_losses": [
        [1, 0.44318142533302307],
        [2, 0.34940892457962036],
        [3, 0.38419613242149353],
        [4, 0.5074949860572815],
        [5, 0.3219554126262665],
        [6, 0.5152662396430969],
        [7, 0.24908380210399628],
        [8, 0.5041205286979675],
        [9, 0.5504838824272156],
        [10, 0.4554973244667053]
    ],
    "test_loss/acc": [
        [1, [0.40577194213867185, 87.5]],
        [2, [0.40577194213867185, 87.5]],
        [3, [0.4057720031738281, 87.5]],
        [4, [0.40577197265625, 87.5]],
        [5, [0.40577197265625, 87.5]],
        [6, [0.4057720031738281, 87.5]],
        [7, [0.40577194213867185, 87.5]],
        [8, [0.40577194213867185, 87.5]],
        [9, [0.4057720031738281, 87.5]],
        [10, [0.4057720031738281, 87.5]]
    ],
    "training_time": 3.4881951808929443,
    "out_model": "./models/_fcnn1_20_31.pt",
    "MNIST_test_result": {
        "test_loss/acc": [0.3528742950439453, 89.24],
        "test_time": 1.2970271110534668
    }
}, {
    "architecture": "fcnn1",
    "data_train": 42,
    "data_test": 41,
    "timestep": 32,
    "stepsize": 1000,
    "base_model": "./models/_fcnn1_20_31.pt",
    "train_losses": [
        [1, 0.3521266281604767],
        [2, 0.31177085638046265],
        [3, 0.5743224620819092],
        [4, 0.3891521096229553],
        [5, 0.792245626449585],
        [6, 0.5556675791740417],
        [7, 0.39254042506217957],
        [8, 0.6299500465393066],
        [9, 0.2925187349319458],
        [10, 0.17800675332546234]
    ],
    "test_loss/acc": [
        [1, [0.46068649291992186, 85.8]],
        [2, [0.46068658447265626, 85.8]],
        [3, [0.4606866149902344, 85.8]],
        [4, [0.4606866149902344, 85.8]],
        [5, [0.4606865539550781, 85.8]],
        [6, [0.4606866455078125, 85.8]],
        [7, [0.4606867065429687, 85.8]],
        [8, [0.46068658447265626, 85.8]],
        [9, [0.46068667602539065, 85.8]],
        [10, [0.46068667602539065, 85.8]]
    ],
    "training_time": 3.4856574535369873,
    "out_model": "./models/_fcnn1_20_32.pt",
    "MNIST_test_result": {
        "test_loss/acc": [0.3528742950439453, 89.24],
        "test_time": 1.3034396171569824
    }
}, {
    "architecture": "fcnn1",
    "data_train": 43,
    "data_test": 42,
    "timestep": 33,
    "stepsize": 1000,
    "base_model": "./models/_fcnn1_20_32.pt",
    "train_losses": [
        [1, 0.27273014187812805],
        [2, 0.3901848793029785],
        [3, 0.30015555024147034],
        [4, 0.2737146317958832],
        [5, 0.3079116642475128],
        [6, 0.2837996780872345],
        [7, 0.1381937712430954],
        [8, 0.36797839403152466],
        [9, 0.19111913442611694],
        [10, 0.24629831314086914]
    ],
    "test_loss/acc": [
        [1, [0.41825958251953127, 87.2]],
        [2, [0.41825970458984374, 87.2]],
        [3, [0.4182596435546875, 87.2]],
        [4, [0.4182596435546875, 87.2]],
        [5, [0.41825958251953127, 87.2]],
        [6, [0.4182596435546875, 87.2]],
        [7, [0.4182596130371094, 87.2]],
        [8, [0.4182596130371094, 87.2]],
        [9, [0.4182596740722656, 87.2]],
        [10, [0.4182596740722656, 87.2]]
    ],
    "training_time": 3.456085681915283,
    "out_model": "./models/_fcnn1_20_33.pt",
    "MNIST_test_result": {
        "test_loss/acc": [0.3528742950439453, 89.24],
        "test_time": 1.2985029220581055
    }
}, {
    "architecture": "fcnn1",
    "data_train": 44,
    "data_test": 43,
    "timestep": 34,
    "stepsize": 1000,
    "base_model": "./models/_fcnn1_20_33.pt",
    "train_losses": [
        [1, 0.394803911447525],
        [2, 0.47050940990448],
        [3, 0.32998156547546387],
        [4, 0.39247334003448486],
        [5, 0.46118268370628357],
        [6, 0.46804729104042053],
        [7, 0.2304808646440506],
        [8, 0.32950523495674133],
        [9, 0.3162086009979248],
        [10, 0.28173550963401794]
    ],
    "test_loss/acc": [
        [1, [0.3121990966796875, 90.5]],
        [2, [0.3121990966796875, 90.5]],
        [3, [0.31219915771484374, 90.5]],
        [4, [0.31219915771484374, 90.5]],
        [5, [0.3121990966796875, 90.5]],
        [6, [0.3121991271972656, 90.5]],
        [7, [0.3121990966796875, 90.5]],
        [8, [0.3121990966796875, 90.5]],
        [9, [0.3121991271972656, 90.5]],
        [10, [0.3121991271972656, 90.5]]
    ],
    "training_time": 3.493180513381958,
    "out_model": "./models/_fcnn1_20_34.pt",
    "MNIST_test_result": {
        "test_loss/acc": [0.3528742950439453, 89.24],
        "test_time": 1.3013017177581787
    }
}, {
    "architecture": "fcnn1",
    "data_train": 45,
    "data_test": 44,
    "timestep": 35,
    "stepsize": 1000,
    "base_model": "./models/_fcnn1_20_34.pt",
    "train_losses": [
        [1, 0.3289938271045685],
        [2, 0.36195510625839233],
        [3, 0.34114715456962585],
        [4, 0.2759718894958496],
        [5, 0.35054129362106323],
        [6, 0.2357589304447174],
        [7, 0.4094044864177704],
        [8, 0.20967787504196167],
        [9, 0.45058682560920715],
        [10, 0.3223835825920105]
    ],
    "test_loss/acc": [
        [1, [0.3657933044433594, 87.7]],
        [2, [0.3657933349609375, 87.7]],
        [3, [0.3657933349609375, 87.7]],
        [4, [0.3657933349609375, 87.7]],
        [5, [0.36579324340820313, 87.7]],
        [6, [0.3657933349609375, 87.7]],
        [7, [0.3657933044433594, 87.7]],
        [8, [0.3657933044433594, 87.7]],
        [9, [0.3657933349609375, 87.7]],
        [10, [0.3657933349609375, 87.7]]
    ],
    "training_time": 3.4790217876434326,
    "out_model": "./models/_fcnn1_20_35.pt",
    "MNIST_test_result": {
        "test_loss/acc": [0.3528742950439453, 89.24],
        "test_time": 1.278012752532959
    }
}, {
    "architecture": "fcnn1",
    "data_train": 46,
    "data_test": 45,
    "timestep": 36,
    "stepsize": 1000,
    "base_model": "./models/_fcnn1_20_35.pt",
    "train_losses": [
        [1, 0.3230525255203247],
        [2, 0.3789054751396179],
        [3, 0.37151843309402466],
        [4, 0.4401339292526245],
        [5, 0.4942854046821594],
        [6, 0.3989875316619873],
        [7, 0.35156044363975525],
        [8, 0.5346324443817139],
        [9, 0.4078599512577057],
        [10, 0.23779958486557007]
    ],
    "test_loss/acc": [
        [1, [0.3188079528808594, 90.2]],
        [2, [0.31880789184570313, 90.2]],
        [3, [0.31880792236328126, 90.2]],
        [4, [0.3188079528808594, 90.2]],
        [5, [0.31880789184570313, 90.2]],
        [6, [0.3188079528808594, 90.2]],
        [7, [0.3188079528808594, 90.2]],
        [8, [0.31880792236328126, 90.2]],
        [9, [0.31880792236328126, 90.2]],
        [10, [0.31880792236328126, 90.2]]
    ],
    "training_time": 3.483812093734741,
    "out_model": "./models/_fcnn1_20_36.pt",
    "MNIST_test_result": {
        "test_loss/acc": [0.3528742950439453, 89.24],
        "test_time": 1.312950849533081
    }
}, {
    "architecture": "fcnn1",
    "data_train": 47,
    "data_test": 46,
    "timestep": 37,
    "stepsize": 1000,
    "base_model": "./models/_fcnn1_20_36.pt",
    "train_losses": [
        [1, 0.31902018189430237],
        [2, 0.32093411684036255],
        [3, 0.7179872989654541],
        [4, 0.339540034532547],
        [5, 0.25298720598220825],
        [6, 0.47352778911590576],
        [7, 0.6159346699714661],
        [8, 0.376577764749527],
        [9, 0.31593313813209534],
        [10, 0.7525718212127686]
    ],
    "test_loss/acc": [
        [1, [0.3650282592773437, 90.2]],
        [2, [0.3650281982421875, 90.2]],
        [3, [0.3650282592773437, 90.2]],
        [4, [0.3650281982421875, 90.2]],
        [5, [0.3650281982421875, 90.2]],
        [6, [0.36502822875976565, 90.2]],
        [7, [0.3650281982421875, 90.2]],
        [8, [0.36502828979492186, 90.2]],
        [9, [0.3650281982421875, 90.2]],
        [10, [0.3650281677246094, 90.2]]
    ],
    "training_time": 3.4726037979125977,
    "out_model": "./models/_fcnn1_20_37.pt",
    "MNIST_test_result": {
        "test_loss/acc": [0.3528742950439453, 89.24],
        "test_time": 1.3070847988128662
    }
}, {
    "architecture": "fcnn1",
    "data_train": 48,
    "data_test": 47,
    "timestep": 38,
    "stepsize": 1000,
    "base_model": "./models/_fcnn1_20_37.pt",
    "train_losses": [
        [1, 0.37375959753990173],
        [2, 0.34542933106422424],
        [3, 0.47515299916267395],
        [4, 0.3768003284931183],
        [5, 0.40746134519577026],
        [6, 0.20034165680408478],
        [7, 0.25440359115600586],
        [8, 0.5243444442749023],
        [9, 0.33143746852874756],
        [10, 0.5575463771820068]
    ],
    "test_loss/acc": [
        [1, [0.472757080078125, 86.6]],
        [2, [0.472757080078125, 86.6]],
        [3, [0.47275701904296874, 86.6]],
        [4, [0.4727569885253906, 86.6]],
        [5, [0.47275701904296874, 86.6]],
        [6, [0.47275701904296874, 86.6]],
        [7, [0.472757080078125, 86.6]],
        [8, [0.472757080078125, 86.6]],
        [9, [0.47275701904296874, 86.6]],
        [10, [0.472757080078125, 86.6]]
    ],
    "training_time": 3.4743781089782715,
    "out_model": "./models/_fcnn1_20_38.pt",
    "MNIST_test_result": {
        "test_loss/acc": [0.3528742950439453, 89.24],
        "test_time": 1.294137954711914
    }
}, {
    "architecture": "fcnn1",
    "data_train": 49,
    "data_test": 48,
    "timestep": 39,
    "stepsize": 1000,
    "base_model": "./models/_fcnn1_20_38.pt",
    "train_losses": [
        [1, 0.6794012784957886],
        [2, 0.3529251217842102],
        [3, 0.5383509993553162],
        [4, 0.3028300702571869],
        [5, 0.3653952479362488],
        [6, 0.3216542601585388],
        [7, 0.44446274638175964],
        [8, 0.6564746499061584],
        [9, 0.37933656573295593],
        [10, 0.43809765577316284]
    ],
    "test_loss/acc": [
        [1, [0.3371782531738281, 89.3]],
        [2, [0.33717828369140623, 89.3]],
        [3, [0.3371782531738281, 89.3]],
        [4, [0.33717828369140623, 89.3]],
        [5, [0.3371782531738281, 89.3]],
        [6, [0.33717822265625, 89.3]],
        [7, [0.33717822265625, 89.3]],
        [8, [0.33717828369140623, 89.3]],
        [9, [0.3371781921386719, 89.3]],
        [10, [0.3371781921386719, 89.3]]
    ],
    "training_time": 3.4823102951049805,
    "out_model": "./models/_fcnn1_20_39.pt",
    "MNIST_test_result": {
        "test_loss/acc": [0.3528742950439453, 89.24],
        "test_time": 1.2975947856903076
    }
}, {
    "architecture": "fcnn1",
    "data_train": 50,
    "data_test": 49,
    "timestep": 40,
    "stepsize": 1000,
    "base_model": "./models/_fcnn1_20_39.pt",
    "train_losses": [
        [1, 0.2231971174478531],
        [2, 0.3790619373321533],
        [3, 0.21106509864330292],
        [4, 0.5726767778396606],
        [5, 0.14282381534576416],
        [6, 0.16877976059913635],
        [7, 0.1714317500591278],
        [8, 0.17344194650650024],
        [9, 0.2287992388010025],
        [10, 0.3208011984825134]
    ],
    "test_loss/acc": [
        [1, [0.418056396484375, 87.7]],
        [2, [0.418056396484375, 87.7]],
        [3, [0.418056396484375, 87.7]],
        [4, [0.41805636596679685, 87.7]],
        [5, [0.418056396484375, 87.7]],
        [6, [0.4180564270019531, 87.7]],
        [7, [0.4180564270019531, 87.7]],
        [8, [0.41805645751953124, 87.7]],
        [9, [0.418056396484375, 87.7]],
        [10, [0.4180564270019531, 87.7]]
    ],
    "training_time": 3.4697389602661133,
    "out_model": "./models/_fcnn1_20_40.pt",
    "MNIST_test_result": {
        "test_loss/acc": [0.3528742950439453, 89.24],
        "test_time": 1.3344807624816895
    }
}, {
    "architecture": "fcnn1",
    "data_train": 51,
    "data_test": 50,
    "timestep": 41,
    "stepsize": 1000,
    "base_model": "./models/_fcnn1_20_40.pt",
    "train_losses": [
        [1, 0.3459358215332031],
        [2, 0.6661283373832703],
        [3, 0.27670660614967346],
        [4, 0.3573325276374817],
        [5, 0.46750739216804504],
        [6, 0.17747637629508972],
        [7, 0.2594214677810669],
        [8, 0.35347995162010193],
        [9, 0.3949829041957855],
        [10, 0.26605793833732605]
    ],
    "test_loss/acc": [
        [1, [0.3143077087402344, 90.0]],
        [2, [0.31430767822265626, 90.0]],
        [3, [0.31430764770507813, 90.0]],
        [4, [0.31430764770507813, 90.0]],
        [5, [0.3143077087402344, 90.0]],
        [6, [0.3143077087402344, 90.0]],
        [7, [0.31430764770507813, 90.0]],
        [8, [0.31430767822265626, 90.0]],
        [9, [0.31430767822265626, 90.0]],
        [10, [0.3143077087402344, 90.0]]
    ],
    "training_time": 3.471081018447876,
    "out_model": "./models/_fcnn1_20_41.pt",
    "MNIST_test_result": {
        "test_loss/acc": [0.3528742950439453, 89.24],
        "test_time": 1.3048756122589111
    }
}, {
    "architecture": "fcnn1",
    "data_train": 52,
    "data_test": 51,
    "timestep": 42,
    "stepsize": 1000,
    "base_model": "./models/_fcnn1_20_41.pt",
    "train_losses": [
        [1, 0.3937006890773773],
        [2, 0.49205636978149414],
        [3, 0.4290946125984192],
        [4, 0.3723345994949341],
        [5, 0.7129156589508057],
        [6, 0.39212068915367126],
        [7, 0.40247294306755066],
        [8, 0.6060065031051636],
        [9, 0.520561695098877],
        [10, 0.4758431017398834]
    ],
    "test_loss/acc": [
        [1, [0.36410723876953127, 88.3]],
        [2, [0.36410720825195314, 88.3]],
        [3, [0.36410723876953127, 88.3]],
        [4, [0.36410726928710935, 88.3]],
        [5, [0.364107177734375, 88.3]],
        [6, [0.36410726928710935, 88.3]],
        [7, [0.36410723876953127, 88.3]],
        [8, [0.36410726928710935, 88.3]],
        [9, [0.36410720825195314, 88.3]],
        [10, [0.36410726928710935, 88.3]]
    ],
    "training_time": 3.472947835922241,
    "out_model": "./models/_fcnn1_20_42.pt",
    "MNIST_test_result": {
        "test_loss/acc": [0.3528742950439453, 89.24],
        "test_time": 1.32179594039917
    }
}, {
    "architecture": "fcnn1",
    "data_train": 53,
    "data_test": 52,
    "timestep": 43,
    "stepsize": 1000,
    "base_model": "./models/_fcnn1_20_42.pt",
    "train_losses": [
        [1, 0.3639780879020691],
        [2, 0.38926926255226135],
        [3, 0.26027607917785645],
        [4, 0.2337242215871811],
        [5, 0.48306167125701904],
        [6, 0.24414435029029846],
        [7, 0.2841877043247223],
        [8, 0.41817253828048706],
        [9, 0.5277296900749207],
        [10, 0.28344517946243286]
    ],
    "test_loss/acc": [
        [1, [0.4682129821777344, 86.4]],
        [2, [0.4682130737304688, 86.4]],
        [3, [0.4682129821777344, 86.4]],
        [4, [0.4682129821777344, 86.4]],
        [5, [0.4682129821777344, 86.4]],
        [6, [0.4682129821777344, 86.4]],
        [7, [0.4682130126953125, 86.4]],
        [8, [0.4682130126953125, 86.4]],
        [9, [0.46821304321289064, 86.4]],
        [10, [0.4682130737304688, 86.4]]
    ],
    "training_time": 3.4878592491149902,
    "out_model": "./models/_fcnn1_20_43.pt",
    "MNIST_test_result": {
        "test_loss/acc": [0.3528742950439453, 89.24],
        "test_time": 1.3316841125488281
    }
}, {
    "architecture": "fcnn1",
    "data_train": 54,
    "data_test": 53,
    "timestep": 44,
    "stepsize": 1000,
    "base_model": "./models/_fcnn1_20_43.pt",
    "train_losses": [
        [1, 0.37208816409111023],
        [2, 0.24404381215572357],
        [3, 0.30889153480529785],
        [4, 0.3068191409111023],
        [5, 0.3634772300720215],
        [6, 0.2734493017196655],
        [7, 0.37425824999809265],
        [8, 0.25569942593574524],
        [9, 0.4710158705711365],
        [10, 0.4186241328716278]
    ],
    "test_loss/acc": [
        [1, [0.3317265625, 89.7]],
        [2, [0.3317265625, 89.7]],
        [3, [0.33172653198242186, 89.7]],
        [4, [0.3317265625, 89.7]],
        [5, [0.33172653198242186, 89.7]],
        [6, [0.3317265014648437, 89.7]],
        [7, [0.33172653198242186, 89.7]],
        [8, [0.3317265625, 89.7]],
        [9, [0.33172653198242186, 89.7]],
        [10, [0.33172653198242186, 89.7]]
    ],
    "training_time": 3.466446876525879,
    "out_model": "./models/_fcnn1_20_44.pt",
    "MNIST_test_result": {
        "test_loss/acc": [0.3528742950439453, 89.24],
        "test_time": 1.299755334854126
    }
}, {
    "architecture": "fcnn1",
    "data_train": 55,
    "data_test": 54,
    "timestep": 45,
    "stepsize": 1000,
    "base_model": "./models/_fcnn1_20_44.pt",
    "train_losses": [
        [1, 0.210596963763237],
        [2, 0.3112703561782837],
        [3, 0.7138875722885132],
        [4, 0.24517975747585297],
        [5, 0.49692481756210327],
        [6, 0.39761462807655334],
        [7, 0.3306216299533844],
        [8, 0.6348308324813843],
        [9, 0.5421660542488098],
        [10, 0.5399748682975769]
    ],
    "test_loss/acc": [
        [1, [0.367242919921875, 89.2]],
        [2, [0.36724285888671876, 89.2]],
        [3, [0.36724282836914063, 89.2]],
        [4, [0.3672427978515625, 89.2]],
        [5, [0.36724282836914063, 89.2]],
        [6, [0.3672428894042969, 89.2]],
        [7, [0.3672428894042969, 89.2]],
        [8, [0.36724285888671876, 89.2]],
        [9, [0.3672428894042969, 89.2]],
        [10, [0.36724282836914063, 89.2]]
    ],
    "training_time": 3.496022939682007,
    "out_model": "./models/_fcnn1_20_45.pt",
    "MNIST_test_result": {
        "test_loss/acc": [0.3528742950439453, 89.24],
        "test_time": 1.310741662979126
    }
}, {
    "architecture": "fcnn1",
    "data_train": 56,
    "data_test": 55,
    "timestep": 46,
    "stepsize": 1000,
    "base_model": "./models/_fcnn1_20_45.pt",
    "train_losses": [
        [1, 0.26433905959129333],
        [2, 0.41517698764801025],
        [3, 0.34565702080726624],
        [4, 0.37140530347824097],
        [5, 0.45816510915756226],
        [6, 0.3060605227947235],
        [7, 0.33883801102638245],
        [8, 0.496217280626297],
        [9, 0.4866822361946106],
        [10, 0.4184044897556305]
    ],
    "test_loss/acc": [
        [1, [0.428796875, 86.4]],
        [2, [0.4287968444824219, 86.4]],
        [3, [0.4287968444824219, 86.4]],
        [4, [0.4287968444824219, 86.4]],
        [5, [0.428796875, 86.4]],
        [6, [0.4287968444824219, 86.4]],
        [7, [0.428796875, 86.4]],
        [8, [0.4287968444824219, 86.4]],
        [9, [0.42879681396484376, 86.4]],
        [10, [0.42879681396484376, 86.4]]
    ],
    "training_time": 3.4784746170043945,
    "out_model": "./models/_fcnn1_20_46.pt",
    "MNIST_test_result": {
        "test_loss/acc": [0.3528742950439453, 89.24],
        "test_time": 1.3109278678894043
    }
}, {
    "architecture": "fcnn1",
    "data_train": 57,
    "data_test": 56,
    "timestep": 47,
    "stepsize": 1000,
    "base_model": "./models/_fcnn1_20_46.pt",
    "train_losses": [
        [1, 0.4756583273410797],
        [2, 0.1555473953485489],
        [3, 0.3793342113494873],
        [4, 0.5161149501800537],
        [5, 0.295046865940094],
        [6, 0.39051368832588196],
        [7, 0.25285178422927856],
        [8, 0.33269384503364563],
        [9, 0.20819398760795593],
        [10, 0.4155898690223694]
    ],
    "test_loss/acc": [
        [1, [0.3729837646484375, 88.5]],
        [2, [0.3729837646484375, 88.5]],
        [3, [0.372983642578125, 88.5]],
        [4, [0.37298370361328126, 88.5]],
        [5, [0.37298370361328126, 88.5]],
        [6, [0.37298379516601565, 88.5]],
        [7, [0.37298379516601565, 88.5]],
        [8, [0.37298379516601565, 88.5]],
        [9, [0.3729837646484375, 88.5]],
        [10, [0.3729837341308594, 88.5]]
    ],
    "training_time": 3.4482169151306152,
    "out_model": "./models/_fcnn1_20_47.pt",
    "MNIST_test_result": {
        "test_loss/acc": [0.3528742950439453, 89.24],
        "test_time": 1.3325698375701904
    }
}, {
    "architecture": "fcnn1",
    "data_train": 58,
    "data_test": 57,
    "timestep": 48,
    "stepsize": 1000,
    "base_model": "./models/_fcnn1_20_47.pt",
    "train_losses": [
        [1, 0.25896626710891724],
        [2, 0.5325260162353516],
        [3, 0.29983603954315186],
        [4, 0.22416561841964722],
        [5, 0.22458985447883606],
        [6, 0.3606790006160736],
        [7, 0.20652370154857635],
        [8, 0.21841727197170258],
        [9, 0.3746369481086731],
        [10, 0.4071265757083893]
    ],
    "test_loss/acc": [
        [1, [0.35731536865234376, 89.5]],
        [2, [0.3573154296875, 89.5]],
        [3, [0.3573153381347656, 89.5]],
        [4, [0.35731536865234376, 89.5]],
        [5, [0.3573153991699219, 89.5]],
        [6, [0.3573153991699219, 89.5]],
        [7, [0.35731536865234376, 89.5]],
        [8, [0.3573153991699219, 89.5]],
        [9, [0.3573154296875, 89.5]],
        [10, [0.35731536865234376, 89.5]]
    ],
    "training_time": 3.490006446838379,
    "out_model": "./models/_fcnn1_20_48.pt",
    "MNIST_test_result": {
        "test_loss/acc": [0.3528742950439453, 89.24],
        "test_time": 1.3384826183319092
    }
}, {
    "architecture": "fcnn1",
    "data_train": 59,
    "data_test": 58,
    "timestep": 49,
    "stepsize": 1000,
    "base_model": "./models/_fcnn1_20_48.pt",
    "train_losses": [
        [1, 0.507064163684845],
        [2, 0.49386176466941833],
        [3, 0.6271542310714722],
        [4, 0.29946619272232056],
        [5, 0.5847029089927673],
        [6, 0.5466464161872864],
        [7, 0.37924572825431824],
        [8, 0.5454489588737488],
        [9, 0.30236855149269104],
        [10, 0.3213306963443756]
    ],
    "test_loss/acc": [
        [1, [0.3221986083984375, 89.9]],
        [2, [0.32219863891601563, 89.9]],
        [3, [0.32219863891601563, 89.9]],
        [4, [0.32219863891601563, 89.9]],
        [5, [0.32219857788085937, 89.9]],
        [6, [0.3221986083984375, 89.9]],
        [7, [0.3221986083984375, 89.9]],
        [8, [0.32219863891601563, 89.9]],
        [9, [0.3221986083984375, 89.9]],
        [10, [0.32219857788085937, 89.9]]
    ],
    "training_time": 3.4691176414489746,
    "out_model": "./models/_fcnn1_20_49.pt",
    "MNIST_test_result": {
        "test_loss/acc": [0.3528742950439453, 89.24],
        "test_time": 1.3382267951965332
    }
}, {
    "architecture": "fcnn1",
    "data_train": 60,
    "data_test": 59,
    "timestep": 50,
    "stepsize": 1000,
    "base_model": "./models/_fcnn1_20_49.pt",
    "train_losses": [
        [1, 0.6143516302108765],
        [2, 0.5802371501922607],
        [3, 0.2740703523159027],
        [4, 0.4031819701194763],
        [5, 0.486356645822525],
        [6, 0.5520966649055481],
        [7, 0.3590523600578308],
        [8, 0.4855499565601349],
        [9, 0.3727869987487793],
        [10, 0.3841085731983185]
    ],
    "test_loss/acc": [
        [1, [0.4817320251464844, 84.6]],
        [2, [0.4817320556640625, 84.6]],
        [3, [0.48173208618164065, 84.6]],
        [4, [0.4817320556640625, 84.6]],
        [5, [0.4817321166992187, 84.6]],
        [6, [0.4817319641113281, 84.6]],
        [7, [0.4817320251464844, 84.6]],
        [8, [0.48173199462890626, 84.6]],
        [9, [0.4817320251464844, 84.6]],
        [10, [0.4817320556640625, 84.6]]
    ],
    "training_time": 3.4736814498901367,
    "out_model": "./models/_fcnn1_20_50.pt",
    "MNIST_test_result": {
        "test_loss/acc": [0.3528742950439453, 89.24],
        "test_time": 1.320542812347412
    }
}, {
    "architecture": "fcnn1",
    "data_train": 61,
    "data_test": 60,
    "timestep": 51,
    "stepsize": 1000,
    "base_model": "./models/_fcnn1_20_50.pt",
    "train_losses": [
        [1, 0.28508806228637695],
        [2, 0.23369908332824707],
        [3, 0.2277238667011261],
        [4, 0.22830694913864136],
        [5, 0.3422219157218933],
        [6, 0.20735687017440796],
        [7, 0.27069947123527527],
        [8, 0.3972451090812683],
        [9, 0.37220558524131775],
        [10, 0.2575351595878601]
    ],
    "test_loss/acc": [
        [1, [0.42517971801757815, 87.3]],
        [2, [0.42517971801757815, 87.3]],
        [3, [0.4251796875, 87.3]],
        [4, [0.4251796875, 87.3]],
        [5, [0.4251796569824219, 87.3]],
        [6, [0.4251796569824219, 87.3]],
        [7, [0.4251796569824219, 87.3]],
        [8, [0.4251796875, 87.3]],
        [9, [0.42517971801757815, 87.3]],
        [10, [0.42517971801757815, 87.3]]
    ],
    "training_time": 3.4743754863739014,
    "out_model": "./models/_fcnn1_20_51.pt",
    "MNIST_test_result": {
        "test_loss/acc": [0.3528742950439453, 89.24],
        "test_time": 1.2785553932189941
    }
}, {
    "architecture": "fcnn1",
    "data_train": 62,
    "data_test": 61,
    "timestep": 52,
    "stepsize": 1000,
    "base_model": "./models/_fcnn1_20_51.pt",
    "train_losses": [
        [1, 0.49847477674484253],
        [2, 0.3836453855037689],
        [3, 0.2812211215496063],
        [4, 0.2633366584777832],
        [5, 0.3062998950481415],
        [6, 0.26018965244293213],
        [7, 0.3311404585838318],
        [8, 0.4247058033943176],
        [9, 0.4729837477207184],
        [10, 0.4877423644065857]
    ],
    "test_loss/acc": [
        [1, [0.2993641052246094, 90.7]],
        [2, [0.2993641357421875, 90.7]],
        [3, [0.2993641357421875, 90.7]],
        [4, [0.2993641052246094, 90.7]],
        [5, [0.29936407470703125, 90.7]],
        [6, [0.2993641052246094, 90.7]],
        [7, [0.2993641052246094, 90.7]],
        [8, [0.2993641052246094, 90.7]],
        [9, [0.2993641052246094, 90.7]],
        [10, [0.29936416625976564, 90.7]]
    ],
    "training_time": 3.4683730602264404,
    "out_model": "./models/_fcnn1_20_52.pt",
    "MNIST_test_result": {
        "test_loss/acc": [0.3528742950439453, 89.24],
        "test_time": 1.2834861278533936
    }
}, {
    "architecture": "fcnn1",
    "data_train": 63,
    "data_test": 62,
    "timestep": 53,
    "stepsize": 1000,
    "base_model": "./models/_fcnn1_20_52.pt",
    "train_losses": [
        [1, 0.48538509011268616],
        [2, 0.2509365677833557],
        [3, 0.5505974888801575],
        [4, 0.4186707139015198],
        [5, 0.605038583278656],
        [6, 0.26581263542175293],
        [7, 0.12072822451591492],
        [8, 0.39022690057754517],
        [9, 0.23113593459129333],
        [10, 0.3851401209831238]
    ],
    "test_loss/acc": [
        [1, [0.4397418212890625, 86.2]],
        [2, [0.43974188232421874, 86.2]],
        [3, [0.4397417907714844, 86.2]],
        [4, [0.4397418518066406, 86.2]],
        [5, [0.4397418212890625, 86.2]],
        [6, [0.4397418518066406, 86.2]],
        [7, [0.4397417907714844, 86.2]],
        [8, [0.4397418212890625, 86.2]],
        [9, [0.4397417907714844, 86.2]],
        [10, [0.4397418518066406, 86.2]]
    ],
    "training_time": 3.4582810401916504,
    "out_model": "./models/_fcnn1_20_53.pt",
    "MNIST_test_result": {
        "test_loss/acc": [0.3528742950439453, 89.24],
        "test_time": 1.3272209167480469
    }
}, {
    "architecture": "fcnn1",
    "data_train": 64,
    "data_test": 63,
    "timestep": 54,
    "stepsize": 1000,
    "base_model": "./models/_fcnn1_20_53.pt",
    "train_losses": [
        [1, 0.31308844685554504],
        [2, 0.3098592758178711],
        [3, 0.2907942235469818],
        [4, 0.2954469323158264],
        [5, 0.3700086176395416],
        [6, 0.20464599132537842],
        [7, 0.20216697454452515],
        [8, 0.40508580207824707],
        [9, 0.4033767282962799],
        [10, 0.4344936013221741]
    ],
    "test_loss/acc": [
        [1, [0.35811700439453126, 89.2]],
        [2, [0.3581169738769531, 89.2]],
        [3, [0.3581170349121094, 89.2]],
        [4, [0.35811700439453126, 89.2]],
        [5, [0.3581169738769531, 89.2]],
        [6, [0.35811700439453126, 89.2]],
        [7, [0.35811700439453126, 89.2]],
        [8, [0.3581169738769531, 89.2]],
        [9, [0.35811700439453126, 89.2]],
        [10, [0.35811700439453126, 89.2]]
    ],
    "training_time": 3.4813616275787354,
    "out_model": "./models/_fcnn1_20_54.pt",
    "MNIST_test_result": {
        "test_loss/acc": [0.3528742950439453, 89.24],
        "test_time": 1.3235926628112793
    }
}, {
    "architecture": "fcnn1",
    "data_train": 65,
    "data_test": 64,
    "timestep": 55,
    "stepsize": 1000,
    "base_model": "./models/_fcnn1_20_54.pt",
    "train_losses": [
        [1, 0.34367674589157104],
        [2, 0.32248222827911377],
        [3, 0.36316391825675964],
        [4, 0.2223561406135559],
        [5, 0.2972092628479004],
        [6, 0.3311396837234497],
        [7, 0.5036100149154663],
        [8, 0.20358160138130188],
        [9, 0.22846686840057373],
        [10, 0.2396581470966339]
    ],
    "test_loss/acc": [
        [1, [0.3581024475097656, 88.4]],
        [2, [0.3581023864746094, 88.4]],
        [3, [0.3581024169921875, 88.4]],
        [4, [0.3581024475097656, 88.4]],
        [5, [0.3581024475097656, 88.4]],
        [6, [0.3581024169921875, 88.4]],
        [7, [0.3581024475097656, 88.4]],
        [8, [0.3581024475097656, 88.4]],
        [9, [0.3581023864746094, 88.4]],
        [10, [0.3581024475097656, 88.4]]
    ],
    "training_time": 3.5033981800079346,
    "out_model": "./models/_fcnn1_20_55.pt",
    "MNIST_test_result": {
        "test_loss/acc": [0.3528742950439453, 89.24],
        "test_time": 1.3152992725372314
    }
}, {
    "architecture": "fcnn1",
    "data_train": 66,
    "data_test": 65,
    "timestep": 56,
    "stepsize": 1000,
    "base_model": "./models/_fcnn1_20_55.pt",
    "train_losses": [
        [1, 0.4003467857837677],
        [2, 0.2627146542072296],
        [3, 0.2600609064102173],
        [4, 0.4745633900165558],
        [5, 0.1957370936870575],
        [6, 0.3414837121963501],
        [7, 0.29088106751441956],
        [8, 0.25246983766555786],
        [9, 0.2360028475522995],
        [10, 0.31560561060905457]
    ],
    "test_loss/acc": [
        [1, [0.3146171569824219, 91.3]],
        [2, [0.3146171569824219, 91.3]],
        [3, [0.3146171875, 91.3]],
        [4, [0.31461712646484374, 91.3]],
        [5, [0.3146171875, 91.3]],
        [6, [0.3146171875, 91.3]],
        [7, [0.31461712646484374, 91.3]],
        [8, [0.3146171875, 91.3]],
        [9, [0.3146170959472656, 91.3]],
        [10, [0.31461712646484374, 91.3]]
    ],
    "training_time": 3.500561475753784,
    "out_model": "./models/_fcnn1_20_56.pt",
    "MNIST_test_result": {
        "test_loss/acc": [0.3528742950439453, 89.24],
        "test_time": 1.2938930988311768
    }
}, {
    "architecture": "fcnn1",
    "data_train": 67,
    "data_test": 66,
    "timestep": 57,
    "stepsize": 1000,
    "base_model": "./models/_fcnn1_20_56.pt",
    "train_losses": [
        [1, 0.3159544765949249],
        [2, 0.3040260672569275],
        [3, 0.3553086221218109],
        [4, 0.31581899523735046],
        [5, 0.4352094829082489],
        [6, 0.3159806728363037],
        [7, 0.3344961404800415],
        [8, 0.18813291192054749],
        [9, 0.30936044454574585],
        [10, 0.28006818890571594]
    ],
    "test_loss/acc": [
        [1, [0.30946514892578125, 90.9]],
        [2, [0.30946514892578125, 90.9]],
        [3, [0.30946514892578125, 90.9]],
        [4, [0.3094651794433594, 90.9]],
        [5, [0.30946514892578125, 90.9]],
        [6, [0.30946514892578125, 90.9]],
        [7, [0.30946514892578125, 90.9]],
        [8, [0.3094651794433594, 90.9]],
        [9, [0.3094651794433594, 90.9]],
        [10, [0.30946514892578125, 90.9]]
    ],
    "training_time": 3.488340377807617,
    "out_model": "./models/_fcnn1_20_57.pt",
    "MNIST_test_result": {
        "test_loss/acc": [0.3528742950439453, 89.24],
        "test_time": 1.287424087524414
    }
}, {
    "architecture": "fcnn1",
    "data_train": 68,
    "data_test": 67,
    "timestep": 58,
    "stepsize": 1000,
    "base_model": "./models/_fcnn1_20_57.pt",
    "train_losses": [
        [1, 0.10401050746440887],
        [2, 0.4135430157184601],
        [3, 0.3622128963470459],
        [4, 0.23809751868247986],
        [5, 0.2536434829235077],
        [6, 0.29553744196891785],
        [7, 0.11894132941961288],
        [8, 0.23901218175888062],
        [9, 0.37112146615982056],
        [10, 0.2019355297088623]
    ],
    "test_loss/acc": [
        [1, [0.32070101928710937, 89.0]],
        [2, [0.32070098876953124, 89.0]],
        [3, [0.3207009582519531, 89.0]],
        [4, [0.32070101928710937, 89.0]],
        [5, [0.3207009582519531, 89.0]],
        [6, [0.3207009582519531, 89.0]],
        [7, [0.3207009582519531, 89.0]],
        [8, [0.32070098876953124, 89.0]],
        [9, [0.32070098876953124, 89.0]],
        [10, [0.32070098876953124, 89.0]]
    ],
    "training_time": 3.4904119968414307,
    "out_model": "./models/_fcnn1_20_58.pt",
    "MNIST_test_result": {
        "test_loss/acc": [0.3528742950439453, 89.24],
        "test_time": 1.3210153579711914
    }
}]