{
    "exp_id": 40,
    "exp_desc": "seqMS_scratch. static model for candidate models"
}, {
    "architecture": "fcnn1",
    "timestep": 0,
    "pre_train_size": 60000,
    "mnist_test": true,
    "split_ratio": 0.0,
    "model_arch": "fcnn1",
    "epochs": 14,
    "train_losses": [
        [1, 0.10298079252243042],
        [2, 0.2066483050584793],
        [3, 0.020082002505660057],
        [4, 0.018262535333633423],
        [5, 0.002181548625230789],
        [6, 0.011133015155792236],
        [7, 0.0010909371776506305],
        [8, 0.004049387760460377],
        [9, 0.00783219188451767],
        [10, 0.003947919234633446],
        [11, 0.0013663957361131907],
        [12, 0.002307969843968749],
        [13, 0.0072794584557414055],
        [14, 0.0070206159725785255]
    ],
    "test_loss/acc": [
        [14, [0.05831893501281738, 98.31]]
    ],
    "training_time": 116.72472739219666,
    "out_model": "./models/_fcnn1_40_0.pt"
}, {
    "architecture": "fcnn2",
    "timestep": 0,
    "pre_train_size": 60000,
    "mnist_test": true,
    "split_ratio": 0.0,
    "model_arch": "fcnn2",
    "epochs": 14,
    "train_losses": [
        [1, 0.14487139880657196],
        [2, 0.10050768405199051],
        [3, 0.004430330358445644],
        [4, 0.0006257538916543126],
        [5, 0.0006148488027974963],
        [6, 0.001098394626751542],
        [7, 0.0009813809301704168],
        [8, 0.0017399800708517432],
        [9, 0.002892164746299386],
        [10, 0.0007439646287821233],
        [11, 0.0017610281938686967],
        [12, 0.0024970159865915775],
        [13, 0.0006301889079622924],
        [14, 8.131322829285637e-05]
    ],
    "test_loss/acc": [
        [14, [0.07039881629943848, 98.45]]
    ],
    "training_time": 115.98714232444763,
    "out_model": "./models/_fcnn2_40_0.pt"
}, {
    "architecture": "cnn1",
    "timestep": 0,
    "pre_train_size": 60000,
    "mnist_test": true,
    "split_ratio": 0.0,
    "model_arch": "cnn1",
    "epochs": 14,
    "train_losses": [
        [1, 0.09926920384168625],
        [2, 0.014077707193791866],
        [3, 0.1816670447587967],
        [4, 0.016882868483662605],
        [5, 0.020899835973978043],
        [6, 0.0010958429193124175],
        [7, 0.0022209002636373043],
        [8, 0.015018880367279053],
        [9, 0.012722435407340527],
        [10, 0.032967422157526016],
        [11, 0.0369434654712677],
        [12, 0.02559799887239933],
        [13, 0.016473235562443733],
        [14, 0.09136146306991577]
    ],
    "test_loss/acc": [
        [14, [0.026656099891662597, 99.17]]
    ],
    "training_time": 116.40917038917542,
    "out_model": "./models/_cnn1_40_0.pt"
}, {
    "architecture": "cnn2",
    "timestep": 0,
    "pre_train_size": 60000,
    "mnist_test": true,
    "split_ratio": 0.0,
    "model_arch": "cnn2",
    "epochs": 14,
    "train_losses": [
        [1, 0.013504842296242714],
        [2, 0.04141828417778015],
        [3, 0.02555113658308983],
        [4, 0.0057956259697675705],
        [5, 0.003181920852512121],
        [6, 0.0022433956619352102],
        [7, 5.2284434786997736e-05],
        [8, 9.294509482060676e-07],
        [9, 4.122116297367029e-05],
        [10, 4.1527990106260404e-05],
        [11, 0.0009216963080689311],
        [12, 0.00013946469698566943],
        [13, 0.00016030251572374254],
        [14, 9.157021850114688e-06]
    ],
    "test_loss/acc": [
        [14, [0.04635949401855469, 99.18]]
    ],
    "training_time": 536.662868976593,
    "out_model": "./models/_cnn2_40_0.pt"
}